<?xml version="1.0" encoding="UTF-8"?>
<!-- Generated by org.testng.reporters.JUnitXMLReporter -->
<testsuite ignored="0" hostname="LAPTOP-5SM7DI6B" failures="0" tests="6" name="Test" time="2.052" errors="0" timestamp="2025-04-14T20:14:51 IST">
  <testcase classname="testCases.BaseTest" name="@BeforeClass setup" time="-1.744641889959E9">
    <failure type="org.testng.TestNGException" message="
Parameter &amp;apos;os&amp;apos; is required by BeforeClass on method setup but has not been marked @Optional or defined
in C:\Users\venkatesh\NovemberEnd\automationqafox\testngDD.xml">
      <![CDATA[org.testng.TestNGException: 
Parameter 'os' is required by BeforeClass on method setup but has not been marked @Optional or defined
in C:\Users\venkatesh\NovemberEnd\automationqafox\testngDD.xml
at java.base/java.util.ArrayList.forEach(ArrayList.java:1596)
... Removed 22 stack frames]]>
    </failure>
  </testcase> <!-- @BeforeClass setup -->
  <testcase classname="testCases.BaseTest" name="@AfterClass tearDown" time="0.0">
    <skipped/>
  </testcase> <!-- @AfterClass tearDown -->
  <testcase classname="testCases.TC003_QafoxLoginDDTTest" name="verify_loginDDT_qafox" time="0.0">
    <skipped/>
  </testcase> <!-- verify_loginDDT_qafox -->
  <testcase classname="testCases.TC003_QafoxLoginDDTTest" name="verify_loginDDT_qafox" time="0.0">
    <skipped/>
  </testcase> <!-- verify_loginDDT_qafox -->
  <testcase classname="testCases.TC003_QafoxLoginDDTTest" name="verify_loginDDT_qafox" time="0.0">
    <skipped/>
  </testcase> <!-- verify_loginDDT_qafox -->
  <testcase classname="testCases.TC003_QafoxLoginDDTTest" name="verify_loginDDT_qafox" time="0.0">
    <skipped/>
  </testcase> <!-- verify_loginDDT_qafox -->
  <testcase classname="testCases.TC003_QafoxLoginDDTTest" name="verify_loginDDT_qafox" time="0.0">
    <skipped/>
  </testcase> <!-- verify_loginDDT_qafox -->
  <testcase classname="testCases.TC003_QafoxLoginDDTTest" name="verify_loginDDT_qafox" time="0.0">
    <skipped/>
  </testcase> <!-- verify_loginDDT_qafox -->
</testsuite> <!-- Test -->
